0 info it worked if it ends with ok
1 verbose cli [ 'node', '/usr/local/bin/npm', 'publish', '--force' ]
2 info using npm@1.3.11
3 info using node@v0.10.21
4 warn using --force I sure hope you know what you are doing.
5 verbose publish [ '.' ]
6 verbose cache add [ '.', null ]
7 verbose cache add name=undefined spec="." args=[".",null]
8 verbose parsed url { protocol: null,
8 verbose parsed url   slashes: null,
8 verbose parsed url   auth: null,
8 verbose parsed url   host: null,
8 verbose parsed url   port: null,
8 verbose parsed url   hostname: null,
8 verbose parsed url   hash: null,
8 verbose parsed url   search: null,
8 verbose parsed url   query: null,
8 verbose parsed url   pathname: '.',
8 verbose parsed url   path: '.',
8 verbose parsed url   href: '.' }
9 silly lockFile 3a52ce78- .
10 verbose lock . /Users/craig/.npm/3a52ce78-.lock
11 verbose tar pack [ '/var/folders/n1/r96x64mx6jzcbzkbz1ddrw6r0000gn/T/npm-4857-5NWQtkPk/1391752974539-0.23006942658685148/tmp.tgz',
11 verbose tar pack   '.' ]
12 verbose tarball /var/folders/n1/r96x64mx6jzcbzkbz1ddrw6r0000gn/T/npm-4857-5NWQtkPk/1391752974539-0.23006942658685148/tmp.tgz
13 verbose folder .
14 silly lockFile 1f1177db-tar tar://.
15 verbose lock tar://. /Users/craig/.npm/1f1177db-tar.lock
16 silly lockFile 45191667-4539-0-23006942658685148-tmp-tgz tar:///var/folders/n1/r96x64mx6jzcbzkbz1ddrw6r0000gn/T/npm-4857-5NWQtkPk/1391752974539-0.23006942658685148/tmp.tgz
17 verbose lock tar:///var/folders/n1/r96x64mx6jzcbzkbz1ddrw6r0000gn/T/npm-4857-5NWQtkPk/1391752974539-0.23006942658685148/tmp.tgz /Users/craig/.npm/45191667-4539-0-23006942658685148-tmp-tgz.lock
18 silly lockFile 1f1177db-tar tar://.
19 silly lockFile 1f1177db-tar tar://.
20 silly lockFile 45191667-4539-0-23006942658685148-tmp-tgz tar:///var/folders/n1/r96x64mx6jzcbzkbz1ddrw6r0000gn/T/npm-4857-5NWQtkPk/1391752974539-0.23006942658685148/tmp.tgz
21 silly lockFile 45191667-4539-0-23006942658685148-tmp-tgz tar:///var/folders/n1/r96x64mx6jzcbzkbz1ddrw6r0000gn/T/npm-4857-5NWQtkPk/1391752974539-0.23006942658685148/tmp.tgz
22 verbose tar unpack /var/folders/n1/r96x64mx6jzcbzkbz1ddrw6r0000gn/T/npm-4857-5NWQtkPk/1391752974539-0.23006942658685148/tmp.tgz
23 silly lockFile ff0eb7d5-4539-0-23006942658685148-package tar:///var/folders/n1/r96x64mx6jzcbzkbz1ddrw6r0000gn/T/npm-4857-5NWQtkPk/1391752974539-0.23006942658685148/package
24 verbose lock tar:///var/folders/n1/r96x64mx6jzcbzkbz1ddrw6r0000gn/T/npm-4857-5NWQtkPk/1391752974539-0.23006942658685148/package /Users/craig/.npm/ff0eb7d5-4539-0-23006942658685148-package.lock
25 silly lockFile 45191667-4539-0-23006942658685148-tmp-tgz tar:///var/folders/n1/r96x64mx6jzcbzkbz1ddrw6r0000gn/T/npm-4857-5NWQtkPk/1391752974539-0.23006942658685148/tmp.tgz
26 verbose lock tar:///var/folders/n1/r96x64mx6jzcbzkbz1ddrw6r0000gn/T/npm-4857-5NWQtkPk/1391752974539-0.23006942658685148/tmp.tgz /Users/craig/.npm/45191667-4539-0-23006942658685148-tmp-tgz.lock
27 silly gunzTarPerm modes [ '755', '644' ]
28 silly gunzTarPerm extractEntry package.json
29 silly gunzTarPerm extractEntry .npmignore
30 silly gunzTarPerm extractEntry README.md
31 silly gunzTarPerm extractEntry .cupboard
32 silly gunzTarPerm extractEntry bin/ditto
33 silly gunzTarPerm extractEntry lib/index.js
34 silly gunzTarPerm extractEntry lib/adapters/connect.js
35 silly gunzTarPerm extractEntry lib/adapters/index.js
36 silly gunzTarPerm extractEntry lib/base/controller.js
37 silly gunzTarPerm extractEntry lib/base/hotswap.js
38 silly gunzTarPerm extractEntry lib/browser/connection.js
39 silly gunzTarPerm extractEntry lib/browser/hotswap.js
40 silly gunzTarPerm extractEntry lib/browser/index.js
41 silly gunzTarPerm extractEntry lib/browser/inject.js
42 silly gunzTarPerm extractEntry lib/browser/controllers/base.js
43 silly gunzTarPerm extractEntry lib/browser/controllers/css.js
44 silly gunzTarPerm extractEntry lib/browser/controllers/events.js
45 silly gunzTarPerm extractEntry lib/browser/controllers/focus.js
46 silly gunzTarPerm extractEntry lib/browser/controllers/index.js
47 silly gunzTarPerm extractEntry lib/browser/controllers/keys.js
48 silly gunzTarPerm extractEntry lib/browser/controllers/location.js
49 silly gunzTarPerm extractEntry lib/browser/controllers/scroll.js
50 silly gunzTarPerm extractEntry lib/browser/controllers/utils/index.js
51 silly gunzTarPerm extractEntry lib/controllers/base.js
52 silly gunzTarPerm extractEntry lib/controllers/index.js
53 silly gunzTarPerm extractEntry lib/controllers/watch.js
54 silly gunzTarPerm extractEntry lib/mitm/index.js
55 silly lockFile ff0eb7d5-4539-0-23006942658685148-package tar:///var/folders/n1/r96x64mx6jzcbzkbz1ddrw6r0000gn/T/npm-4857-5NWQtkPk/1391752974539-0.23006942658685148/package
56 silly lockFile ff0eb7d5-4539-0-23006942658685148-package tar:///var/folders/n1/r96x64mx6jzcbzkbz1ddrw6r0000gn/T/npm-4857-5NWQtkPk/1391752974539-0.23006942658685148/package
57 silly lockFile 45191667-4539-0-23006942658685148-tmp-tgz tar:///var/folders/n1/r96x64mx6jzcbzkbz1ddrw6r0000gn/T/npm-4857-5NWQtkPk/1391752974539-0.23006942658685148/tmp.tgz
58 silly lockFile 45191667-4539-0-23006942658685148-tmp-tgz tar:///var/folders/n1/r96x64mx6jzcbzkbz1ddrw6r0000gn/T/npm-4857-5NWQtkPk/1391752974539-0.23006942658685148/tmp.tgz
59 verbose tar pack [ '/Users/craig/.npm/ditto/0.0.3/package.tgz',
59 verbose tar pack   '/var/folders/n1/r96x64mx6jzcbzkbz1ddrw6r0000gn/T/npm-4857-5NWQtkPk/1391752974539-0.23006942658685148/package' ]
60 verbose tarball /Users/craig/.npm/ditto/0.0.3/package.tgz
61 verbose folder /var/folders/n1/r96x64mx6jzcbzkbz1ddrw6r0000gn/T/npm-4857-5NWQtkPk/1391752974539-0.23006942658685148/package
62 silly lockFile ff0eb7d5-4539-0-23006942658685148-package tar:///var/folders/n1/r96x64mx6jzcbzkbz1ddrw6r0000gn/T/npm-4857-5NWQtkPk/1391752974539-0.23006942658685148/package
63 verbose lock tar:///var/folders/n1/r96x64mx6jzcbzkbz1ddrw6r0000gn/T/npm-4857-5NWQtkPk/1391752974539-0.23006942658685148/package /Users/craig/.npm/ff0eb7d5-4539-0-23006942658685148-package.lock
64 silly lockFile 913fb5a4-raig-npm-ditto-0-0-3-package-tgz tar:///Users/craig/.npm/ditto/0.0.3/package.tgz
65 verbose lock tar:///Users/craig/.npm/ditto/0.0.3/package.tgz /Users/craig/.npm/913fb5a4-raig-npm-ditto-0-0-3-package-tgz.lock
66 silly lockFile ff0eb7d5-4539-0-23006942658685148-package tar:///var/folders/n1/r96x64mx6jzcbzkbz1ddrw6r0000gn/T/npm-4857-5NWQtkPk/1391752974539-0.23006942658685148/package
67 silly lockFile ff0eb7d5-4539-0-23006942658685148-package tar:///var/folders/n1/r96x64mx6jzcbzkbz1ddrw6r0000gn/T/npm-4857-5NWQtkPk/1391752974539-0.23006942658685148/package
68 silly lockFile 913fb5a4-raig-npm-ditto-0-0-3-package-tgz tar:///Users/craig/.npm/ditto/0.0.3/package.tgz
69 silly lockFile 913fb5a4-raig-npm-ditto-0-0-3-package-tgz tar:///Users/craig/.npm/ditto/0.0.3/package.tgz
70 silly lockFile 7df98e26-rs-craig-npm-ditto-0-0-3-package /Users/craig/.npm/ditto/0.0.3/package
71 verbose lock /Users/craig/.npm/ditto/0.0.3/package /Users/craig/.npm/7df98e26-rs-craig-npm-ditto-0-0-3-package.lock
72 silly lockFile 7df98e26-rs-craig-npm-ditto-0-0-3-package /Users/craig/.npm/ditto/0.0.3/package
73 silly lockFile 7df98e26-rs-craig-npm-ditto-0-0-3-package /Users/craig/.npm/ditto/0.0.3/package
74 verbose tar unpack /Users/craig/.npm/ditto/0.0.3/package.tgz
75 silly lockFile 9eb2fde2-rs-craig-npm-ditto-0-0-3-package tar:///Users/craig/.npm/ditto/0.0.3/package
76 verbose lock tar:///Users/craig/.npm/ditto/0.0.3/package /Users/craig/.npm/9eb2fde2-rs-craig-npm-ditto-0-0-3-package.lock
77 silly lockFile 913fb5a4-raig-npm-ditto-0-0-3-package-tgz tar:///Users/craig/.npm/ditto/0.0.3/package.tgz
78 verbose lock tar:///Users/craig/.npm/ditto/0.0.3/package.tgz /Users/craig/.npm/913fb5a4-raig-npm-ditto-0-0-3-package-tgz.lock
79 silly gunzTarPerm modes [ '755', '644' ]
80 silly gunzTarPerm extractEntry package.json
81 silly gunzTarPerm extractEntry .npmignore
82 silly gunzTarPerm extractEntry README.md
83 silly gunzTarPerm extractEntry .cupboard
84 silly gunzTarPerm extractEntry bin/ditto
85 silly gunzTarPerm extractEntry lib/index.js
86 silly gunzTarPerm extractEntry lib/adapters/connect.js
87 silly gunzTarPerm extractEntry lib/adapters/index.js
88 silly gunzTarPerm extractEntry lib/base/controller.js
89 silly gunzTarPerm extractEntry lib/base/hotswap.js
90 silly gunzTarPerm extractEntry lib/browser/connection.js
91 silly gunzTarPerm extractEntry lib/browser/hotswap.js
92 silly gunzTarPerm extractEntry lib/browser/index.js
93 silly gunzTarPerm extractEntry lib/browser/inject.js
94 silly gunzTarPerm extractEntry lib/browser/controllers/base.js
95 silly gunzTarPerm extractEntry lib/browser/controllers/css.js
96 silly gunzTarPerm extractEntry lib/browser/controllers/events.js
97 silly gunzTarPerm extractEntry lib/browser/controllers/focus.js
98 silly gunzTarPerm extractEntry lib/browser/controllers/index.js
99 silly gunzTarPerm extractEntry lib/browser/controllers/keys.js
100 silly gunzTarPerm extractEntry lib/browser/controllers/location.js
101 silly gunzTarPerm extractEntry lib/browser/controllers/scroll.js
102 silly gunzTarPerm extractEntry lib/browser/controllers/utils/index.js
103 silly gunzTarPerm extractEntry lib/controllers/base.js
104 silly gunzTarPerm extractEntry lib/controllers/index.js
105 silly gunzTarPerm extractEntry lib/controllers/watch.js
106 silly gunzTarPerm extractEntry lib/mitm/index.js
107 silly lockFile 9eb2fde2-rs-craig-npm-ditto-0-0-3-package tar:///Users/craig/.npm/ditto/0.0.3/package
108 silly lockFile 9eb2fde2-rs-craig-npm-ditto-0-0-3-package tar:///Users/craig/.npm/ditto/0.0.3/package
109 silly lockFile 913fb5a4-raig-npm-ditto-0-0-3-package-tgz tar:///Users/craig/.npm/ditto/0.0.3/package.tgz
110 silly lockFile 913fb5a4-raig-npm-ditto-0-0-3-package-tgz tar:///Users/craig/.npm/ditto/0.0.3/package.tgz
111 verbose chmod /Users/craig/.npm/ditto/0.0.3/package.tgz 644
112 verbose chown /Users/craig/.npm/ditto/0.0.3/package.tgz [ 501, 20 ]
113 silly lockFile 3a52ce78- .
114 silly lockFile 3a52ce78- .
115 silly publish { name: 'ditto',
115 silly publish   version: '0.0.3',
115 silly publish   description: 'Ditto is a development utility that synchronizes changes across any browser you have running. It\'s perfect for testing Websites for cross-browser, cross-mobile compatibility.',
115 silly publish   main: './lib/index.js',
115 silly publish   scripts: { test: 'echo "Error: no test specified" && exit 1' },
115 silly publish   bin: { 'ditto-proxy': './bin/ditto' },
115 silly publish   repository: { type: 'git', url: 'git://github.com/browsertap/ditto.js.git' },
115 silly publish   author: '',
115 silly publish   license: 'BSD-2-Clause',
115 silly publish   bugs: { url: 'https://github.com/browsertap/ditto.js/issues' },
115 silly publish   browser: './lib/browser.js',
115 silly publish   dependencies:
115 silly publish    { protoclass: '0.0.5',
115 silly publish      domready: '~0.2.13',
115 silly publish      underscore: '~1.5.2',
115 silly publish      shoe: '0.0.15',
115 silly publish      bindable: '~0.5.24',
115 silly publish      dnode: '~1.2.0',
115 silly publish      hasher: '~1.2.0',
115 silly publish      gaze: '~0.5.0',
115 silly publish      browserify: '~3.24.13',
115 silly publish      async: '~0.2.10',
115 silly publish      minimist: '0.0.5',
115 silly publish      'http-proxy': '~1.0.2',
115 silly publish      connect: '~2.12.0',
115 silly publish      'jquery-browserify': '~1.8.1',
115 silly publish      colors: '~0.6.2' },
115 silly publish   readme: '### Summary\n\nDitto is a development utility that synchronizes changes across any browser you have running. It\'s perfect for testing Websites for cross-browser, cross-mobile compatibility.\n\n### Features\n\n- synchronize CSS / JS / HTML changes\n- synchronize navigation\n- synchronize mouse & keyboard interactions\n- syhcnronize CSS & DOM changes in Chrome\n\n### Express Usage\n\n```javascript\nvar express = require("express"),\nditto       = require("ditto"),\napp         = express();\n\n// register the express middleware\napp.use(ditto({\n  watch: {\n    path: "/path/to/files/to/watch"\n  }\n}).adapters.connect);\n\napp.listen(8080);\n```\n\nIn your HTML app, insert this tag in your header:\n\n```html\n<script type="text/javascript" src="/ditto/hotswap.js"></script>\n```\n\n### Command Line Usage\n\nYou can also setup ditto to automatically proxy, and inject itself into any website simply by running:\n\n```\nditto-proxy [proxy] --watch=[path] --port=[proxy-port]\n```\n\nThis assumes you have ditto installed globally:\n\n```\nnpm install ditto -g\n```\n',
115 silly publish   readmeFilename: 'README.md',
115 silly publish   _id: 'ditto@0.0.3',
115 silly publish   dist: { shasum: 'cf049d06eccbec0291e39188fde3fae2f855bfd5' },
115 silly publish   _from: '.' }
116 verbose url raw ditto
117 verbose url resolving [ 'http://registry.npmjs.org/', './ditto' ]
118 verbose url resolved http://registry.npmjs.org/ditto
119 info trying registry request attempt 1 at 22:02:54
120 http PUT http://registry.npmjs.org/ditto
121 http 409 http://registry.npmjs.org/ditto
122 verbose url raw ditto
123 verbose url resolving [ 'http://registry.npmjs.org/', './ditto' ]
124 verbose url resolved http://registry.npmjs.org/ditto
125 info trying registry request attempt 1 at 22:02:55
126 http GET http://registry.npmjs.org/ditto
127 http 200 http://registry.npmjs.org/ditto
128 warn publish Forced publish over ditto@0.0.3
129 verbose url raw ditto
130 verbose url resolving [ 'http://registry.npmjs.org/', './ditto' ]
131 verbose url resolved http://registry.npmjs.org/ditto
132 info trying registry request attempt 1 at 22:02:55
133 http GET http://registry.npmjs.org/ditto
134 http 200 http://registry.npmjs.org/ditto
135 silly registry.get cb [ 200,
135 silly registry.get   { server: 'CouchDB/1.5.0 (Erlang OTP/R16B)',
135 silly registry.get     etag: '"40C27TFMQGZ5ZNN6GKP2IIFXX"',
135 silly registry.get     'content-type': 'application/json',
135 silly registry.get     'accept-ranges': 'bytes',
135 silly registry.get     via: '1.1 varnish',
135 silly registry.get     age: '0',
135 silly registry.get     'cache-control': 'max-age=1',
135 silly registry.get     'content-length': '3923',
135 silly registry.get     date: 'Fri, 07 Feb 2014 06:02:56 GMT',
135 silly registry.get     connection: 'keep-alive',
135 silly registry.get     'x-served-by': 'cache-v36-ASH, cache-lax1423-LAX',
135 silly registry.get     'x-cache': 'MISS, MISS',
135 silly registry.get     'x-cache-hits': '0, 0',
135 silly registry.get     'x-timer': 'S1391752976.181668758,VS0,VS34,VE119,VE150',
135 silly registry.get     vary: 'Accept' } ]
136 verbose unpublish removing attachments { shasum: '70308a4df7a06fd24e93b5bc52a760a51a39854b',
136 verbose unpublish   tarball: 'http://registry.npmjs.org/ditto/-/ditto-0.0.3.tgz' }
137 verbose url raw ditto/-rev/6-e97e8d8c909effe383fcf1fdbe6ade0f
138 verbose url resolving [ 'http://registry.npmjs.org/',
138 verbose url resolving   './ditto/-rev/6-e97e8d8c909effe383fcf1fdbe6ade0f' ]
139 verbose url resolved http://registry.npmjs.org/ditto/-rev/6-e97e8d8c909effe383fcf1fdbe6ade0f
140 info trying registry request attempt 1 at 22:02:55
141 http PUT http://registry.npmjs.org/ditto/-rev/6-e97e8d8c909effe383fcf1fdbe6ade0f
142 http 201 http://registry.npmjs.org/ditto/-rev/6-e97e8d8c909effe383fcf1fdbe6ade0f
143 verbose url raw ditto
144 verbose url resolving [ 'http://registry.npmjs.org/', './ditto' ]
145 verbose url resolved http://registry.npmjs.org/ditto
146 info trying registry request attempt 1 at 22:02:56
147 http GET http://registry.npmjs.org/ditto
148 http 200 http://registry.npmjs.org/ditto
149 silly registry.get cb [ 200,
149 silly registry.get   { server: 'CouchDB/1.5.0 (Erlang OTP/R16B)',
149 silly registry.get     etag: '"50520SFZKC1A1Y2DYKQJO32GL"',
149 silly registry.get     'content-type': 'application/json',
149 silly registry.get     'accept-ranges': 'bytes',
149 silly registry.get     via: '1.1 varnish',
149 silly registry.get     age: '0',
149 silly registry.get     'cache-control': 'max-age=1',
149 silly registry.get     'content-length': '2668',
149 silly registry.get     date: 'Fri, 07 Feb 2014 06:02:56 GMT',
149 silly registry.get     connection: 'keep-alive',
149 silly registry.get     'x-served-by': 'cache-v43-ASH, cache-lax1421-LAX',
149 silly registry.get     'x-cache': 'MISS, MISS',
149 silly registry.get     'x-cache-hits': '0, 0',
149 silly registry.get     'x-timer': 'S1391752976.814830780,VS0,VS31,VE49,VE81',
149 silly registry.get     vary: 'Accept' } ]
150 info detach /ditto/-/ditto-0.0.3.tgz/-rev/7-7630d000957cd98b446244c43af85bf4
151 verbose url raw /ditto/-/ditto-0.0.3.tgz/-rev/7-7630d000957cd98b446244c43af85bf4
152 verbose url resolving [ 'http://registry.npmjs.org/',
152 verbose url resolving   './ditto/-/ditto-0.0.3.tgz/-rev/7-7630d000957cd98b446244c43af85bf4' ]
153 verbose url resolved http://registry.npmjs.org/ditto/-/ditto-0.0.3.tgz/-rev/7-7630d000957cd98b446244c43af85bf4
154 info trying registry request attempt 1 at 22:02:56
155 http DELETE http://registry.npmjs.org/ditto/-/ditto-0.0.3.tgz/-rev/7-7630d000957cd98b446244c43af85bf4
156 http 200 http://registry.npmjs.org/ditto/-/ditto-0.0.3.tgz/-rev/7-7630d000957cd98b446244c43af85bf4
157 verbose publish [ '.' ]
158 verbose cache add [ '.', null ]
159 verbose cache add name=undefined spec="." args=[".",null]
160 verbose parsed url { protocol: null,
160 verbose parsed url   slashes: null,
160 verbose parsed url   auth: null,
160 verbose parsed url   host: null,
160 verbose parsed url   port: null,
160 verbose parsed url   hostname: null,
160 verbose parsed url   hash: null,
160 verbose parsed url   search: null,
160 verbose parsed url   query: null,
160 verbose parsed url   pathname: '.',
160 verbose parsed url   path: '.',
160 verbose parsed url   href: '.' }
161 silly lockFile 3a52ce78- .
162 verbose lock . /Users/craig/.npm/3a52ce78-.lock
163 verbose tar pack [ '/var/folders/n1/r96x64mx6jzcbzkbz1ddrw6r0000gn/T/npm-4857-5NWQtkPk/1391752976960-0.3548450581729412/tmp.tgz',
163 verbose tar pack   '.' ]
164 verbose tarball /var/folders/n1/r96x64mx6jzcbzkbz1ddrw6r0000gn/T/npm-4857-5NWQtkPk/1391752976960-0.3548450581729412/tmp.tgz
165 verbose folder .
166 silly lockFile 1f1177db-tar tar://.
167 verbose lock tar://. /Users/craig/.npm/1f1177db-tar.lock
168 silly lockFile d2194a63-76960-0-3548450581729412-tmp-tgz tar:///var/folders/n1/r96x64mx6jzcbzkbz1ddrw6r0000gn/T/npm-4857-5NWQtkPk/1391752976960-0.3548450581729412/tmp.tgz
169 verbose lock tar:///var/folders/n1/r96x64mx6jzcbzkbz1ddrw6r0000gn/T/npm-4857-5NWQtkPk/1391752976960-0.3548450581729412/tmp.tgz /Users/craig/.npm/d2194a63-76960-0-3548450581729412-tmp-tgz.lock
170 silly lockFile 1f1177db-tar tar://.
171 silly lockFile 1f1177db-tar tar://.
172 silly lockFile d2194a63-76960-0-3548450581729412-tmp-tgz tar:///var/folders/n1/r96x64mx6jzcbzkbz1ddrw6r0000gn/T/npm-4857-5NWQtkPk/1391752976960-0.3548450581729412/tmp.tgz
173 silly lockFile d2194a63-76960-0-3548450581729412-tmp-tgz tar:///var/folders/n1/r96x64mx6jzcbzkbz1ddrw6r0000gn/T/npm-4857-5NWQtkPk/1391752976960-0.3548450581729412/tmp.tgz
174 verbose tar unpack /var/folders/n1/r96x64mx6jzcbzkbz1ddrw6r0000gn/T/npm-4857-5NWQtkPk/1391752976960-0.3548450581729412/tmp.tgz
175 silly lockFile 4c03b17b-76960-0-3548450581729412-package tar:///var/folders/n1/r96x64mx6jzcbzkbz1ddrw6r0000gn/T/npm-4857-5NWQtkPk/1391752976960-0.3548450581729412/package
176 verbose lock tar:///var/folders/n1/r96x64mx6jzcbzkbz1ddrw6r0000gn/T/npm-4857-5NWQtkPk/1391752976960-0.3548450581729412/package /Users/craig/.npm/4c03b17b-76960-0-3548450581729412-package.lock
177 silly lockFile d2194a63-76960-0-3548450581729412-tmp-tgz tar:///var/folders/n1/r96x64mx6jzcbzkbz1ddrw6r0000gn/T/npm-4857-5NWQtkPk/1391752976960-0.3548450581729412/tmp.tgz
178 verbose lock tar:///var/folders/n1/r96x64mx6jzcbzkbz1ddrw6r0000gn/T/npm-4857-5NWQtkPk/1391752976960-0.3548450581729412/tmp.tgz /Users/craig/.npm/d2194a63-76960-0-3548450581729412-tmp-tgz.lock
179 silly gunzTarPerm modes [ '755', '644' ]
180 silly gunzTarPerm extractEntry package.json
181 silly gunzTarPerm extractEntry .npmignore
182 silly gunzTarPerm extractEntry README.md
183 silly gunzTarPerm extractEntry .cupboard
184 silly gunzTarPerm extractEntry bin/ditto
185 silly gunzTarPerm extractEntry lib/index.js
186 silly gunzTarPerm extractEntry lib/adapters/connect.js
187 silly gunzTarPerm extractEntry lib/adapters/index.js
188 silly gunzTarPerm extractEntry lib/base/controller.js
189 silly gunzTarPerm extractEntry lib/base/hotswap.js
190 silly gunzTarPerm extractEntry lib/browser/connection.js
191 silly gunzTarPerm extractEntry lib/browser/hotswap.js
192 silly gunzTarPerm extractEntry lib/browser/index.js
193 silly gunzTarPerm extractEntry lib/browser/inject.js
194 silly gunzTarPerm extractEntry lib/browser/controllers/base.js
195 silly gunzTarPerm extractEntry lib/browser/controllers/css.js
196 silly gunzTarPerm extractEntry lib/browser/controllers/events.js
197 silly gunzTarPerm extractEntry lib/browser/controllers/focus.js
198 silly gunzTarPerm extractEntry lib/browser/controllers/index.js
199 silly gunzTarPerm extractEntry lib/browser/controllers/keys.js
200 silly gunzTarPerm extractEntry lib/browser/controllers/location.js
201 silly gunzTarPerm extractEntry lib/browser/controllers/scroll.js
202 silly gunzTarPerm extractEntry lib/browser/controllers/utils/index.js
203 silly gunzTarPerm extractEntry lib/controllers/base.js
204 silly gunzTarPerm extractEntry lib/controllers/index.js
205 silly gunzTarPerm extractEntry lib/controllers/watch.js
206 silly gunzTarPerm extractEntry lib/mitm/index.js
207 silly lockFile 4c03b17b-76960-0-3548450581729412-package tar:///var/folders/n1/r96x64mx6jzcbzkbz1ddrw6r0000gn/T/npm-4857-5NWQtkPk/1391752976960-0.3548450581729412/package
208 silly lockFile 4c03b17b-76960-0-3548450581729412-package tar:///var/folders/n1/r96x64mx6jzcbzkbz1ddrw6r0000gn/T/npm-4857-5NWQtkPk/1391752976960-0.3548450581729412/package
209 silly lockFile d2194a63-76960-0-3548450581729412-tmp-tgz tar:///var/folders/n1/r96x64mx6jzcbzkbz1ddrw6r0000gn/T/npm-4857-5NWQtkPk/1391752976960-0.3548450581729412/tmp.tgz
210 silly lockFile d2194a63-76960-0-3548450581729412-tmp-tgz tar:///var/folders/n1/r96x64mx6jzcbzkbz1ddrw6r0000gn/T/npm-4857-5NWQtkPk/1391752976960-0.3548450581729412/tmp.tgz
211 verbose tar pack [ '/Users/craig/.npm/ditto/0.0.3/package.tgz',
211 verbose tar pack   '/var/folders/n1/r96x64mx6jzcbzkbz1ddrw6r0000gn/T/npm-4857-5NWQtkPk/1391752976960-0.3548450581729412/package' ]
212 verbose tarball /Users/craig/.npm/ditto/0.0.3/package.tgz
213 verbose folder /var/folders/n1/r96x64mx6jzcbzkbz1ddrw6r0000gn/T/npm-4857-5NWQtkPk/1391752976960-0.3548450581729412/package
214 silly lockFile 4c03b17b-76960-0-3548450581729412-package tar:///var/folders/n1/r96x64mx6jzcbzkbz1ddrw6r0000gn/T/npm-4857-5NWQtkPk/1391752976960-0.3548450581729412/package
215 verbose lock tar:///var/folders/n1/r96x64mx6jzcbzkbz1ddrw6r0000gn/T/npm-4857-5NWQtkPk/1391752976960-0.3548450581729412/package /Users/craig/.npm/4c03b17b-76960-0-3548450581729412-package.lock
216 silly lockFile 913fb5a4-raig-npm-ditto-0-0-3-package-tgz tar:///Users/craig/.npm/ditto/0.0.3/package.tgz
217 verbose lock tar:///Users/craig/.npm/ditto/0.0.3/package.tgz /Users/craig/.npm/913fb5a4-raig-npm-ditto-0-0-3-package-tgz.lock
218 silly lockFile 4c03b17b-76960-0-3548450581729412-package tar:///var/folders/n1/r96x64mx6jzcbzkbz1ddrw6r0000gn/T/npm-4857-5NWQtkPk/1391752976960-0.3548450581729412/package
219 silly lockFile 4c03b17b-76960-0-3548450581729412-package tar:///var/folders/n1/r96x64mx6jzcbzkbz1ddrw6r0000gn/T/npm-4857-5NWQtkPk/1391752976960-0.3548450581729412/package
220 silly lockFile 913fb5a4-raig-npm-ditto-0-0-3-package-tgz tar:///Users/craig/.npm/ditto/0.0.3/package.tgz
221 silly lockFile 913fb5a4-raig-npm-ditto-0-0-3-package-tgz tar:///Users/craig/.npm/ditto/0.0.3/package.tgz
222 silly lockFile 7df98e26-rs-craig-npm-ditto-0-0-3-package /Users/craig/.npm/ditto/0.0.3/package
223 verbose lock /Users/craig/.npm/ditto/0.0.3/package /Users/craig/.npm/7df98e26-rs-craig-npm-ditto-0-0-3-package.lock
224 silly lockFile 7df98e26-rs-craig-npm-ditto-0-0-3-package /Users/craig/.npm/ditto/0.0.3/package
225 silly lockFile 7df98e26-rs-craig-npm-ditto-0-0-3-package /Users/craig/.npm/ditto/0.0.3/package
226 verbose tar unpack /Users/craig/.npm/ditto/0.0.3/package.tgz
227 silly lockFile 9eb2fde2-rs-craig-npm-ditto-0-0-3-package tar:///Users/craig/.npm/ditto/0.0.3/package
228 verbose lock tar:///Users/craig/.npm/ditto/0.0.3/package /Users/craig/.npm/9eb2fde2-rs-craig-npm-ditto-0-0-3-package.lock
229 silly lockFile 913fb5a4-raig-npm-ditto-0-0-3-package-tgz tar:///Users/craig/.npm/ditto/0.0.3/package.tgz
230 verbose lock tar:///Users/craig/.npm/ditto/0.0.3/package.tgz /Users/craig/.npm/913fb5a4-raig-npm-ditto-0-0-3-package-tgz.lock
231 silly gunzTarPerm modes [ '755', '644' ]
232 silly gunzTarPerm extractEntry package.json
233 silly gunzTarPerm extractEntry .npmignore
234 silly gunzTarPerm extractEntry README.md
235 silly gunzTarPerm extractEntry .cupboard
236 silly gunzTarPerm extractEntry bin/ditto
237 silly gunzTarPerm extractEntry lib/index.js
238 silly gunzTarPerm extractEntry lib/adapters/connect.js
239 silly gunzTarPerm extractEntry lib/adapters/index.js
240 silly gunzTarPerm extractEntry lib/base/controller.js
241 silly gunzTarPerm extractEntry lib/base/hotswap.js
242 silly gunzTarPerm extractEntry lib/browser/connection.js
243 silly gunzTarPerm extractEntry lib/browser/hotswap.js
244 silly gunzTarPerm extractEntry lib/browser/index.js
245 silly gunzTarPerm extractEntry lib/browser/inject.js
246 silly gunzTarPerm extractEntry lib/browser/controllers/base.js
247 silly gunzTarPerm extractEntry lib/browser/controllers/css.js
248 silly gunzTarPerm extractEntry lib/browser/controllers/events.js
249 silly gunzTarPerm extractEntry lib/browser/controllers/focus.js
250 silly gunzTarPerm extractEntry lib/browser/controllers/index.js
251 silly gunzTarPerm extractEntry lib/browser/controllers/keys.js
252 silly gunzTarPerm extractEntry lib/browser/controllers/location.js
253 silly gunzTarPerm extractEntry lib/browser/controllers/scroll.js
254 silly gunzTarPerm extractEntry lib/browser/controllers/utils/index.js
255 silly gunzTarPerm extractEntry lib/controllers/base.js
256 silly gunzTarPerm extractEntry lib/controllers/index.js
257 silly gunzTarPerm extractEntry lib/controllers/watch.js
258 silly gunzTarPerm extractEntry lib/mitm/index.js
259 silly lockFile 9eb2fde2-rs-craig-npm-ditto-0-0-3-package tar:///Users/craig/.npm/ditto/0.0.3/package
260 silly lockFile 9eb2fde2-rs-craig-npm-ditto-0-0-3-package tar:///Users/craig/.npm/ditto/0.0.3/package
261 silly lockFile 913fb5a4-raig-npm-ditto-0-0-3-package-tgz tar:///Users/craig/.npm/ditto/0.0.3/package.tgz
262 silly lockFile 913fb5a4-raig-npm-ditto-0-0-3-package-tgz tar:///Users/craig/.npm/ditto/0.0.3/package.tgz
263 verbose chmod /Users/craig/.npm/ditto/0.0.3/package.tgz 644
264 verbose chown /Users/craig/.npm/ditto/0.0.3/package.tgz [ 501, 20 ]
265 silly lockFile 3a52ce78- .
266 silly lockFile 3a52ce78- .
267 silly publish { name: 'ditto',
267 silly publish   version: '0.0.3',
267 silly publish   description: 'Ditto is a development utility that synchronizes changes across any browser you have running. It\'s perfect for testing Websites for cross-browser, cross-mobile compatibility.',
267 silly publish   main: './lib/index.js',
267 silly publish   scripts: { test: 'echo "Error: no test specified" && exit 1' },
267 silly publish   bin: { 'ditto-proxy': './bin/ditto' },
267 silly publish   repository: { type: 'git', url: 'git://github.com/browsertap/ditto.js.git' },
267 silly publish   author: '',
267 silly publish   license: 'BSD-2-Clause',
267 silly publish   bugs: { url: 'https://github.com/browsertap/ditto.js/issues' },
267 silly publish   browser: './lib/browser.js',
267 silly publish   dependencies:
267 silly publish    { protoclass: '0.0.5',
267 silly publish      domready: '~0.2.13',
267 silly publish      underscore: '~1.5.2',
267 silly publish      shoe: '0.0.15',
267 silly publish      bindable: '~0.5.24',
267 silly publish      dnode: '~1.2.0',
267 silly publish      hasher: '~1.2.0',
267 silly publish      gaze: '~0.5.0',
267 silly publish      browserify: '~3.24.13',
267 silly publish      async: '~0.2.10',
267 silly publish      minimist: '0.0.5',
267 silly publish      'http-proxy': '~1.0.2',
267 silly publish      connect: '~2.12.0',
267 silly publish      'jquery-browserify': '~1.8.1',
267 silly publish      colors: '~0.6.2' },
267 silly publish   readme: '### Summary\n\nDitto is a development utility that synchronizes changes across any browser you have running. It\'s perfect for testing Websites for cross-browser, cross-mobile compatibility.\n\n### Features\n\n- synchronize CSS / JS / HTML changes\n- synchronize navigation\n- synchronize mouse & keyboard interactions\n- syhcnronize CSS & DOM changes in Chrome\n\n### Express Usage\n\n```javascript\nvar express = require("express"),\nditto       = require("ditto"),\napp         = express();\n\n// register the express middleware\napp.use(ditto({\n  watch: {\n    path: "/path/to/files/to/watch"\n  }\n}).adapters.connect);\n\napp.listen(8080);\n```\n\nIn your HTML app, insert this tag in your header:\n\n```html\n<script type="text/javascript" src="/ditto/hotswap.js"></script>\n```\n\n### Command Line Usage\n\nYou can also setup ditto to automatically proxy, and inject itself into any website simply by running:\n\n```\nditto-proxy [proxy] --watch=[path] --port=[proxy-port]\n```\n\nThis assumes you have ditto installed globally:\n\n```\nnpm install ditto -g\n```\n',
267 silly publish   readmeFilename: 'README.md',
267 silly publish   _id: 'ditto@0.0.3',
267 silly publish   dist:
267 silly publish    { shasum: 'cf049d06eccbec0291e39188fde3fae2f855bfd5',
267 silly publish      tarball: 'http://registry.npmjs.org/ditto/-/ditto-0.0.3.tgz' },
267 silly publish   _from: '.',
267 silly publish   _npmVersion: '1.3.11',
267 silly publish   _npmUser: { name: 'architectd', email: 'craig.j.condon@gmail.com' } }
268 verbose url raw ditto
269 verbose url resolving [ 'http://registry.npmjs.org/', './ditto' ]
270 verbose url resolved http://registry.npmjs.org/ditto
271 info trying registry request attempt 1 at 22:02:57
272 http PUT http://registry.npmjs.org/ditto
273 http 409 http://registry.npmjs.org/ditto
274 verbose url raw ditto
275 verbose url resolving [ 'http://registry.npmjs.org/', './ditto' ]
276 verbose url resolved http://registry.npmjs.org/ditto
277 info trying registry request attempt 1 at 22:02:57
278 http GET http://registry.npmjs.org/ditto
279 http 200 http://registry.npmjs.org/ditto
280 verbose uploading [ 'ditto/-/ditto-0.0.3.tgz/-rev/8-46322fba747b7fb0b128940d54495df6',
280 verbose uploading   '/Users/craig/.npm/ditto/0.0.3/package.tgz' ]
281 verbose url raw ditto/-/ditto-0.0.3.tgz/-rev/8-46322fba747b7fb0b128940d54495df6
282 verbose url resolving [ 'http://registry.npmjs.org/',
282 verbose url resolving   './ditto/-/ditto-0.0.3.tgz/-rev/8-46322fba747b7fb0b128940d54495df6' ]
283 verbose url resolved http://registry.npmjs.org/ditto/-/ditto-0.0.3.tgz/-rev/8-46322fba747b7fb0b128940d54495df6
284 info trying registry request attempt 1 at 22:02:57
285 http PUT http://registry.npmjs.org/ditto/-/ditto-0.0.3.tgz/-rev/8-46322fba747b7fb0b128940d54495df6
286 http 201 http://registry.npmjs.org/ditto/-/ditto-0.0.3.tgz/-rev/8-46322fba747b7fb0b128940d54495df6
287 verbose publish attached [ 'ditto',
287 verbose publish   '/Users/craig/.npm/ditto/0.0.3/package.tgz',
287 verbose publish   'ditto-0.0.3.tgz' ]
288 verbose url raw ditto/0.0.3/-tag/latest
289 verbose url resolving [ 'http://registry.npmjs.org/', './ditto/0.0.3/-tag/latest' ]
290 verbose url resolved http://registry.npmjs.org/ditto/0.0.3/-tag/latest
291 info trying registry request attempt 1 at 22:02:57
292 http PUT http://registry.npmjs.org/ditto/0.0.3/-tag/latest
293 http 403 http://registry.npmjs.org/ditto/0.0.3/-tag/latest
294 info trying registry request attempt 1 at 22:02:58
295 http PUT http://registry.npmjs.org/ditto/0.0.3/-tag/latest
296 http 403 http://registry.npmjs.org/ditto/0.0.3/-tag/latest
297 error publish Error uploading package
298 error Error: forbidden 0.0.3 time should not be modified 1: ditto/0.0.3/-tag/latest
298 error     at RegClient.<anonymous> (/usr/local/lib/node_modules/npm/node_modules/npm-registry-client/lib/request.js:272:14)
298 error     at Request.self.callback (/usr/local/lib/node_modules/npm/node_modules/request/request.js:129:22)
298 error     at Request.EventEmitter.emit (events.js:98:17)
298 error     at Request.<anonymous> (/usr/local/lib/node_modules/npm/node_modules/request/request.js:873:14)
298 error     at Request.EventEmitter.emit (events.js:117:20)
298 error     at IncomingMessage.<anonymous> (/usr/local/lib/node_modules/npm/node_modules/request/request.js:824:12)
298 error     at IncomingMessage.EventEmitter.emit (events.js:117:20)
298 error     at _stream_readable.js:920:16
298 error     at process._tickCallback (node.js:415:13)
299 error If you need help, you may report this log at:
299 error     <http://github.com/isaacs/npm/issues>
299 error or email it to:
299 error     <npm-@googlegroups.com>
300 error System Darwin 13.0.0
301 error command "node" "/usr/local/bin/npm" "publish" "--force"
302 error cwd /Users/craig/Developer/Public/ditto.js
303 error node -v v0.10.21
304 error npm -v 1.3.11
305 verbose exit [ 1, true ]
